  [4;36;1mSQL (0.2ms)[0m   [0;1m SELECT name
 FROM sqlite_master
 WHERE type = 'table' AND NOT name = 'sqlite_sequence'
[0m
  [4;35;1mSQL (0.2ms)[0m   [0mselect sqlite_version(*)[0m
  [4;36;1mSQL (5.5ms)[0m   [0;1mCREATE TABLE "schema_migrations" ("version" varchar(255) NOT NULL) [0m
  [4;35;1mSQL (2.0ms)[0m   [0mCREATE UNIQUE INDEX "unique_schema_migrations" ON "schema_migrations" ("version")[0m
  [4;36;1mSQL (0.2ms)[0m   [0;1m SELECT name
 FROM sqlite_master
 WHERE type = 'table' AND NOT name = 'sqlite_sequence'
[0m
  [4;35;1mSQL (0.1ms)[0m   [0mSELECT version FROM schema_migrations[0m
Migrating to CreateTopics (20090613205157)
  [4;36;1mSQL (0.4ms)[0m   [0;1mCREATE TABLE "topics" ("id" INTEGER PRIMARY KEY AUTOINCREMENT NOT NULL, "title" varchar(255), "description" text, "created_at" datetime, "updated_at" datetime) [0m
  [4;35;1mSQL (0.1ms)[0m   [0mINSERT INTO schema_migrations (version) VALUES ('20090613205157')[0m
  [4;36;1mSQL (0.3ms)[0m   [0;1m SELECT name
 FROM sqlite_master
 WHERE type = 'table' AND NOT name = 'sqlite_sequence'
[0m
  [4;35;1mSQL (0.2ms)[0m   [0mSELECT version FROM schema_migrations[0m
  [4;36;1mSQL (0.2ms)[0m   [0;1m SELECT name
 FROM sqlite_master
 WHERE type = 'table' AND NOT name = 'sqlite_sequence'
[0m
  [4;35;1mSQL (0.1ms)[0m   [0mPRAGMA index_list("topics")[0m


Processing TopicsController#index (for 127.0.0.1 at 2009-06-13 13:53:01) [GET]
  [4;36;1mTopic Load (0.4ms)[0m   [0;1mSELECT * FROM "topics" [0m
Rendering template within layouts/topics
Rendering topics/index
Completed in 17ms (View: 12, DB: 0) | 200 OK [http://localhost/topics]


Processing TopicsController#new (for 127.0.0.1 at 2009-06-13 13:53:07) [GET]
Rendering template within layouts/topics
Rendering topics/new
Completed in 33ms (View: 17, DB: 0) | 200 OK [http://localhost/topics/new]


Processing TopicsController#create (for 127.0.0.1 at 2009-06-13 13:53:33) [POST]
  Parameters: {"commit"=>"Create", "authenticity_token"=>"1SizljNuO0rcu8IyueoK6lrGRFvWdY7BP53UlId3zek=", "topic"=>{"title"=>"Watermelon Eating", "description"=>"We will eat yummy watermelons."}}
  [4;35;1mTopic Create (0.3ms)[0m   [0mINSERT INTO "topics" ("created_at", "title", "updated_at", "description") VALUES('2009-06-13 20:53:33', 'Watermelon Eating', '2009-06-13 20:53:33', 'We will eat yummy watermelons.')[0m
Redirected to http://localhost:3000/topics/1
Completed in 42ms (DB: 0) | 302 Found [http://localhost/topics]


Processing TopicsController#show (for 127.0.0.1 at 2009-06-13 13:53:33) [GET]
  Parameters: {"id"=>"1"}
  [4;36;1mTopic Load (0.2ms)[0m   [0;1mSELECT * FROM "topics" WHERE ("topics"."id" = 1) [0m
Rendering template within layouts/topics
Rendering topics/show
Completed in 11ms (View: 5, DB: 0) | 200 OK [http://localhost/topics/1]


Processing TopicsController#index (for 127.0.0.1 at 2009-06-13 13:53:39) [GET]
  [4;35;1mTopic Load (1.2ms)[0m   [0mSELECT * FROM "topics" [0m
Rendering template within layouts/topics
Rendering topics/index
Completed in 97ms (View: 4, DB: 1) | 200 OK [http://localhost/topics]


Processing TopicsController#show (for 127.0.0.1 at 2009-06-13 13:53:45) [GET]
  Parameters: {"id"=>"1"}
  [4;36;1mTopic Load (0.7ms)[0m   [0;1mSELECT * FROM "topics" WHERE ("topics"."id" = 1) [0m
Rendering template within layouts/topics
Rendering topics/show
Completed in 23ms (View: 6, DB: 1) | 200 OK [http://localhost/topics/1]


Processing TopicsController#edit (for 127.0.0.1 at 2009-06-13 13:53:48) [GET]
  Parameters: {"id"=>"1"}
  [4;35;1mTopic Load (0.7ms)[0m   [0mSELECT * FROM "topics" WHERE ("topics"."id" = 1) [0m
Rendering template within layouts/topics
Rendering topics/edit
Completed in 36ms (View: 20, DB: 1) | 200 OK [http://localhost/topics/1/edit]


Processing TopicsController#update (for 127.0.0.1 at 2009-06-13 13:54:07) [PUT]
  Parameters: {"commit"=>"Update", "authenticity_token"=>"1SizljNuO0rcu8IyueoK6lrGRFvWdY7BP53UlId3zek=", "topic"=>{"title"=>"Watermelon Eating", "description"=>"We will eat yummy watermelons.  We will also spit out the seeds in a contest to see how far we can spit."}, "id"=>"1"}
  [4;36;1mTopic Load (0.7ms)[0m   [0;1mSELECT * FROM "topics" WHERE ("topics"."id" = 1) [0m
  [4;35;1mTopic Update (0.5ms)[0m   [0mUPDATE "topics" SET "updated_at" = '2009-06-13 20:54:07', "description" = 'We will eat yummy watermelons. We will also spit out the seeds in a contest to see how far we can spit.' WHERE "id" = 1[0m
Redirected to http://localhost:3000/topics/1
Completed in 33ms (DB: 1) | 302 Found [http://localhost/topics/1]


Processing TopicsController#show (for 127.0.0.1 at 2009-06-13 13:54:07) [GET]
  Parameters: {"id"=>"1"}
  [4;36;1mTopic Load (0.2ms)[0m   [0;1mSELECT * FROM "topics" WHERE ("topics"."id" = 1) [0m
Rendering template within layouts/topics
Rendering topics/show
Completed in 8ms (View: 2, DB: 0) | 200 OK [http://localhost/topics/1]


Processing TopicsController#index (for 127.0.0.1 at 2009-06-13 13:54:12) [GET]
  [4;35;1mTopic Load (1.1ms)[0m   [0mSELECT * FROM "topics" [0m
Rendering template within layouts/topics
Rendering topics/index
Completed in 25ms (View: 11, DB: 1) | 200 OK [http://localhost/topics]


Processing TopicsController#new (for 127.0.0.1 at 2009-06-13 13:54:14) [GET]
Rendering template within layouts/topics
Rendering topics/new
Completed in 24ms (View: 9, DB: 0) | 200 OK [http://localhost/topics/new]


Processing TopicsController#create (for 127.0.0.1 at 2009-06-13 13:54:19) [POST]
  Parameters: {"commit"=>"Create", "authenticity_token"=>"1SizljNuO0rcu8IyueoK6lrGRFvWdY7BP53UlId3zek=", "topic"=>{"title"=>"fdfdf", "description"=>"ddsdfs"}}
  [4;36;1mTopic Create (0.7ms)[0m   [0;1mINSERT INTO "topics" ("created_at", "title", "updated_at", "description") VALUES('2009-06-13 20:54:19', 'fdfdf', '2009-06-13 20:54:19', 'ddsdfs')[0m
Redirected to http://localhost:3000/topics/2
Completed in 31ms (DB: 1) | 302 Found [http://localhost/topics]


Processing TopicsController#show (for 127.0.0.1 at 2009-06-13 13:54:19) [GET]
  Parameters: {"id"=>"2"}
  [4;35;1mTopic Load (0.3ms)[0m   [0mSELECT * FROM "topics" WHERE ("topics"."id" = 2) [0m
Rendering template within layouts/topics
Rendering topics/show
Completed in 9ms (View: 2, DB: 0) | 200 OK [http://localhost/topics/2]


Processing TopicsController#index (for 127.0.0.1 at 2009-06-13 13:54:20) [GET]
  [4;36;1mTopic Load (1.4ms)[0m   [0;1mSELECT * FROM "topics" [0m
Rendering template within layouts/topics
Rendering topics/index
Completed in 29ms (View: 13, DB: 1) | 200 OK [http://localhost/topics]


Processing TopicsController#destroy (for 127.0.0.1 at 2009-06-13 13:54:30) [DELETE]
  Parameters: {"authenticity_token"=>"1SizljNuO0rcu8IyueoK6lrGRFvWdY7BP53UlId3zek=", "id"=>"2"}
  [4;35;1mTopic Load (0.8ms)[0m   [0mSELECT * FROM "topics" WHERE ("topics"."id" = 2) [0m
  [4;36;1mTopic Destroy (0.5ms)[0m   [0;1mDELETE FROM "topics" WHERE "id" = 2[0m
Redirected to http://localhost:3000/topics
Completed in 29ms (DB: 1) | 302 Found [http://localhost/topics/2]


Processing TopicsController#index (for 127.0.0.1 at 2009-06-13 13:54:30) [GET]
  [4;35;1mTopic Load (0.5ms)[0m   [0mSELECT * FROM "topics" [0m
Rendering template within layouts/topics
Rendering topics/index
Completed in 10ms (View: 4, DB: 0) | 200 OK [http://localhost/topics]


Processing TopicsController#index to xml (for 127.0.0.1 at 2009-06-13 14:05:07) [GET]
  [4;36;1mTopic Load (0.5ms)[0m   [0;1mSELECT * FROM "topics" [0m
Completed in 81ms (View: 76, DB: 0) | 200 OK [http://localhost/topics.xml]
